Test case: ../bin/rwlock.o
--------------------------------
Parameter: 1000 10000 0.99 0.005 0.005 1
Number of threads: 1
Time taken with 1 threads: 0.017000 seconds
--------------------------------
Parameter: 1000 10000 0.99 0.005 0.005 1
Number of threads: 2
Time taken with 2 threads: 0.009000 seconds
--------------------------------
Parameter: 1000 10000 0.99 0.005 0.005 1
Number of threads: 4
Time taken with 4 threads: 0.006000 seconds
--------------------------------
Parameter: 1000 10000 0.99 0.005 0.005 1
Number of threads: 8
Time taken with 8 threads: 0.006000 seconds
--------------------------------
Parameter: 1000 10000 0.9 0.05 0.05 1
Number of threads: 1
Time taken with 1 threads: 0.019000 seconds
--------------------------------
Parameter: 1000 10000 0.9 0.05 0.05 1
Number of threads: 2
Time taken with 2 threads: 0.017000 seconds
--------------------------------
Parameter: 1000 10000 0.9 0.05 0.05 1
Number of threads: 4
Time taken with 4 threads: 0.017000 seconds
--------------------------------
Parameter: 1000 10000 0.9 0.05 0.05 1
Number of threads: 8
Time taken with 8 threads: 0.017000 seconds
--------------------------------
Parameter: 1000 10000 0.5 0.25 0.25 1
Number of threads: 1
Time taken with 1 threads: 0.028000 seconds
--------------------------------
Parameter: 1000 10000 0.5 0.25 0.25 1
Number of threads: 2
Time taken with 2 threads: 0.044000 seconds
--------------------------------
Parameter: 1000 10000 0.5 0.25 0.25 1
Number of threads: 4
Time taken with 4 threads: 0.042000 seconds
--------------------------------
Parameter: 1000 10000 0.5 0.25 0.25 1
Number of threads: 8
Time taken with 8 threads: 0.046000 seconds
--------------------------------
