Test case: mutex.o
--------------------------------
Parameter: 1000 10000 0.99 0.005 0.005 1
Number of threads: 1
Time taken with 1 threads: 0.016000 seconds
--------------------------------
Parameter: 1000 10000 0.99 0.005 0.005 1
Number of threads: 2
Time taken with 2 threads: 0.021000 seconds
--------------------------------
Parameter: 1000 10000 0.99 0.005 0.005 1
Number of threads: 4
Time taken with 4 threads: 0.021000 seconds
--------------------------------
Parameter: 1000 10000 0.99 0.005 0.005 1
Number of threads: 8
Time taken with 8 threads: 0.022000 seconds
--------------------------------
Parameter: 1000 10000 0.9 0.05 0.05 1
Number of threads: 1
Time taken with 1 threads: 0.019000 seconds
--------------------------------
Parameter: 1000 10000 0.9 0.05 0.05 1
Number of threads: 2
Time taken with 2 threads: 0.023000 seconds
--------------------------------
Parameter: 1000 10000 0.9 0.05 0.05 1
Number of threads: 4
Time taken with 4 threads: 0.025000 seconds
--------------------------------
Parameter: 1000 10000 0.9 0.05 0.05 1
Number of threads: 8
Time taken with 8 threads: 0.029000 seconds
--------------------------------
Parameter: 1000 10000 0.5 0.25 0.25 1
Number of threads: 1
Time taken with 1 threads: 0.027000 seconds
--------------------------------
Parameter: 1000 10000 0.5 0.25 0.25 1
Number of threads: 2
Time taken with 2 threads: 0.034000 seconds
--------------------------------
Parameter: 1000 10000 0.5 0.25 0.25 1
Number of threads: 4
Time taken with 4 threads: 0.036000 seconds
--------------------------------
Parameter: 1000 10000 0.5 0.25 0.25 1
Number of threads: 8
Time taken with 8 threads: 0.039000 seconds
--------------------------------
